{"/Users/pass-renan/Documents/projects/gostack/gobarber-mobile/src/components/Button/index.tsx": {"path":"/Users/pass-renan/Documents/projects/gostack/gobarber-mobile/src/components/Button/index.tsx","statementMap":{"0":{"start":{"line":10,"column":38},"end":{"line":14,"column":1}},"1":{"start":{"line":11,"column":2},"end":{"line":13,"column":14}}},"fnMap":{"0":{"name":"(anonymous_0)","decl":{"start":{"line":10,"column":38},"end":{"line":10,"column":39}},"loc":{"start":{"line":11,"column":2},"end":{"line":13,"column":14}},"line":11}},"branchMap":{},"s":{"0":1,"1":1},"f":{"0":1},"b":{},"_coverageSchema":"1a1c01bbd47fc00a2c39e90264f33305004495a9","hash":"0049d02d0c7112fbcf6838870081f1550ed27fed"}
,"/Users/pass-renan/Documents/projects/gostack/gobarber-mobile/src/components/Input/index.tsx": {"path":"/Users/pass-renan/Documents/projects/gostack/gobarber-mobile/src/components/Input/index.tsx","statementMap":{"0":{"start":{"line":28,"column":68},"end":{"line":97,"column":1}},"1":{"start":{"line":31,"column":26},"end":{"line":31,"column":43}},"2":{"start":{"line":33,"column":65},"end":{"line":33,"column":79}},"3":{"start":{"line":34,"column":24},"end":{"line":34,"column":76}},"4":{"start":{"line":36,"column":36},"end":{"line":36,"column":51}},"5":{"start":{"line":37,"column":34},"end":{"line":37,"column":49}},"6":{"start":{"line":39,"column":27},"end":{"line":41,"column":8}},"7":{"start":{"line":40,"column":4},"end":{"line":40,"column":23}},"8":{"start":{"line":43,"column":26},"end":{"line":47,"column":8}},"9":{"start":{"line":44,"column":4},"end":{"line":44,"column":24}},"10":{"start":{"line":46,"column":4},"end":{"line":46,"column":47}},"11":{"start":{"line":49,"column":2},"end":{"line":53,"column":6}},"12":{"start":{"line":49,"column":34},"end":{"line":53,"column":3}},"13":{"start":{"line":51,"column":6},"end":{"line":51,"column":38}},"14":{"start":{"line":55,"column":2},"end":{"line":69,"column":33}},"15":{"start":{"line":56,"column":4},"end":{"line":68,"column":6}},"16":{"start":{"line":61,"column":8},"end":{"line":61,"column":44}},"17":{"start":{"line":62,"column":8},"end":{"line":62,"column":64}},"18":{"start":{"line":65,"column":8},"end":{"line":65,"column":41}},"19":{"start":{"line":66,"column":8},"end":{"line":66,"column":40}},"20":{"start":{"line":71,"column":2},"end":{"line":96,"column":3}},"21":{"start":{"line":91,"column":10},"end":{"line":91,"column":46}}},"fnMap":{"0":{"name":"(anonymous_0)","decl":{"start":{"line":28,"column":68},"end":{"line":28,"column":69}},"loc":{"start":{"line":30,"column":11},"end":{"line":97,"column":1}},"line":30},"1":{"name":"(anonymous_1)","decl":{"start":{"line":39,"column":39},"end":{"line":39,"column":40}},"loc":{"start":{"line":39,"column":45},"end":{"line":41,"column":3}},"line":39},"2":{"name":"(anonymous_2)","decl":{"start":{"line":43,"column":38},"end":{"line":43,"column":39}},"loc":{"start":{"line":43,"column":44},"end":{"line":47,"column":3}},"line":43},"3":{"name":"(anonymous_3)","decl":{"start":{"line":49,"column":27},"end":{"line":49,"column":28}},"loc":{"start":{"line":49,"column":34},"end":{"line":53,"column":3}},"line":49},"4":{"name":"(anonymous_4)","decl":{"start":{"line":50,"column":4},"end":{"line":50,"column":5}},"loc":{"start":{"line":50,"column":12},"end":{"line":52,"column":5}},"line":50},"5":{"name":"(anonymous_5)","decl":{"start":{"line":55,"column":12},"end":{"line":55,"column":13}},"loc":{"start":{"line":55,"column":18},"end":{"line":69,"column":3}},"line":55},"6":{"name":"(anonymous_6)","decl":{"start":{"line":60,"column":6},"end":{"line":60,"column":7}},"loc":{"start":{"line":60,"column":32},"end":{"line":63,"column":7}},"line":60},"7":{"name":"(anonymous_7)","decl":{"start":{"line":64,"column":6},"end":{"line":64,"column":7}},"loc":{"start":{"line":64,"column":19},"end":{"line":67,"column":7}},"line":64},"8":{"name":"(anonymous_8)","decl":{"start":{"line":90,"column":22},"end":{"line":90,"column":23}},"loc":{"start":{"line":90,"column":31},"end":{"line":92,"column":9}},"line":90}},"branchMap":{"0":{"loc":{"start":{"line":29,"column":14},"end":{"line":29,"column":33}},"type":"default-arg","locations":[{"start":{"line":29,"column":31},"end":{"line":29,"column":33}}],"line":29},"1":{"loc":{"start":{"line":33,"column":25},"end":{"line":33,"column":42}},"type":"default-arg","locations":[{"start":{"line":33,"column":40},"end":{"line":33,"column":42}}],"line":33},"2":{"loc":{"start":{"line":80,"column":15},"end":{"line":80,"column":60}},"type":"cond-expr","locations":[{"start":{"line":80,"column":39},"end":{"line":80,"column":48}},{"start":{"line":80,"column":51},"end":{"line":80,"column":60}}],"line":80},"3":{"loc":{"start":{"line":80,"column":15},"end":{"line":80,"column":36}},"type":"binary-expr","locations":[{"start":{"line":80,"column":15},"end":{"line":80,"column":24}},{"start":{"line":80,"column":28},"end":{"line":80,"column":36}}],"line":80}},"s":{"0":1,"1":2,"2":2,"3":2,"4":2,"5":2,"6":2,"7":0,"8":2,"9":0,"10":0,"11":2,"12":1,"13":0,"14":2,"15":2,"16":0,"17":0,"18":0,"19":0,"20":2,"21":0},"f":{"0":2,"1":0,"2":0,"3":1,"4":0,"5":2,"6":0,"7":0,"8":0},"b":{"0":[2],"1":[2],"2":[0,2],"3":[2,2]},"_coverageSchema":"1a1c01bbd47fc00a2c39e90264f33305004495a9","hash":"99889f33f7d364bb981370dd57a72f24140ac365"}
,"/Users/pass-renan/Documents/projects/gostack/gobarber-mobile/src/hooks/auth.tsx": {"path":"/Users/pass-renan/Documents/projects/gostack/gobarber-mobile/src/hooks/auth.tsx","statementMap":{"0":{"start":{"line":36,"column":20},"end":{"line":36,"column":73}},"1":{"start":{"line":38,"column":38},"end":{"line":108,"column":1}},"2":{"start":{"line":39,"column":26},"end":{"line":39,"column":62}},"3":{"start":{"line":40,"column":32},"end":{"line":40,"column":46}},"4":{"start":{"line":42,"column":2},"end":{"line":59,"column":9}},"5":{"start":{"line":44,"column":28},"end":{"line":47,"column":8}},"6":{"start":{"line":49,"column":6},"end":{"line":53,"column":7}},"7":{"start":{"line":50,"column":8},"end":{"line":50,"column":66}},"8":{"start":{"line":52,"column":8},"end":{"line":52,"column":63}},"9":{"start":{"line":55,"column":6},"end":{"line":55,"column":24}},"10":{"start":{"line":58,"column":4},"end":{"line":58,"column":22}},"11":{"start":{"line":61,"column":17},"end":{"line":77,"column":8}},"12":{"start":{"line":62,"column":21},"end":{"line":65,"column":6}},"13":{"start":{"line":67,"column":28},"end":{"line":67,"column":41}},"14":{"start":{"line":69,"column":4},"end":{"line":72,"column":7}},"15":{"start":{"line":74,"column":4},"end":{"line":74,"column":59}},"16":{"start":{"line":76,"column":4},"end":{"line":76,"column":29}},"17":{"start":{"line":79,"column":18},"end":{"line":86,"column":8}},"18":{"start":{"line":80,"column":4},"end":{"line":83,"column":7}},"19":{"start":{"line":85,"column":4},"end":{"line":85,"column":29}},"20":{"start":{"line":88,"column":21},"end":{"line":95,"column":27}},"21":{"start":{"line":89,"column":4},"end":{"line":89,"column":71}},"22":{"start":{"line":91,"column":4},"end":{"line":94,"column":6}},"23":{"start":{"line":97,"column":2},"end":{"line":107,"column":3}},"24":{"start":{"line":111,"column":18},"end":{"line":111,"column":41}},"25":{"start":{"line":113,"column":2},"end":{"line":115,"column":3}},"26":{"start":{"line":114,"column":4},"end":{"line":114,"column":67}},"27":{"start":{"line":117,"column":2},"end":{"line":117,"column":17}}},"fnMap":{"0":{"name":"(anonymous_0)","decl":{"start":{"line":38,"column":38},"end":{"line":38,"column":39}},"loc":{"start":{"line":38,"column":56},"end":{"line":108,"column":1}},"line":38},"1":{"name":"(anonymous_1)","decl":{"start":{"line":42,"column":12},"end":{"line":42,"column":13}},"loc":{"start":{"line":42,"column":18},"end":{"line":59,"column":3}},"line":42},"2":{"name":"loadStorageData","decl":{"start":{"line":43,"column":19},"end":{"line":43,"column":34}},"loc":{"start":{"line":43,"column":52},"end":{"line":56,"column":5}},"line":43},"3":{"name":"(anonymous_3)","decl":{"start":{"line":61,"column":29},"end":{"line":61,"column":30}},"loc":{"start":{"line":61,"column":60},"end":{"line":77,"column":3}},"line":61},"4":{"name":"(anonymous_4)","decl":{"start":{"line":79,"column":30},"end":{"line":79,"column":31}},"loc":{"start":{"line":79,"column":42},"end":{"line":86,"column":3}},"line":79},"5":{"name":"(anonymous_5)","decl":{"start":{"line":88,"column":33},"end":{"line":88,"column":34}},"loc":{"start":{"line":88,"column":55},"end":{"line":95,"column":3}},"line":88},"6":{"name":"useAuth","decl":{"start":{"line":110,"column":16},"end":{"line":110,"column":23}},"loc":{"start":{"line":110,"column":43},"end":{"line":118,"column":1}},"line":110}},"branchMap":{"0":{"loc":{"start":{"line":49,"column":6},"end":{"line":53,"column":7}},"type":"if","locations":[{"start":{"line":49,"column":6},"end":{"line":53,"column":7}},{"start":{"line":49,"column":6},"end":{"line":53,"column":7}}],"line":49},"1":{"loc":{"start":{"line":49,"column":10},"end":{"line":49,"column":29}},"type":"binary-expr","locations":[{"start":{"line":49,"column":10},"end":{"line":49,"column":18}},{"start":{"line":49,"column":22},"end":{"line":49,"column":29}}],"line":49},"2":{"loc":{"start":{"line":113,"column":2},"end":{"line":115,"column":3}},"type":"if","locations":[{"start":{"line":113,"column":2},"end":{"line":115,"column":3}},{"start":{"line":113,"column":2},"end":{"line":115,"column":3}}],"line":113}},"s":{"0":1,"1":1,"2":0,"3":0,"4":0,"5":0,"6":0,"7":0,"8":0,"9":0,"10":0,"11":0,"12":0,"13":0,"14":0,"15":0,"16":0,"17":0,"18":0,"19":0,"20":0,"21":0,"22":0,"23":0,"24":1,"25":1,"26":0,"27":1},"f":{"0":0,"1":0,"2":0,"3":0,"4":0,"5":0,"6":1},"b":{"0":[0,0],"1":[0,0],"2":[0,1]},"_coverageSchema":"1a1c01bbd47fc00a2c39e90264f33305004495a9","hash":"47e707f605120752d7671e11f15ed3914353fb9c"}
,"/Users/pass-renan/Documents/projects/gostack/gobarber-mobile/src/pages/AppointmentCreated/index.tsx": {"path":"/Users/pass-renan/Documents/projects/gostack/gobarber-mobile/src/pages/AppointmentCreated/index.tsx","statementMap":{"0":{"start":{"line":21,"column":37},"end":{"line":62,"column":1}},"1":{"start":{"line":22,"column":20},"end":{"line":22,"column":35}},"2":{"start":{"line":23,"column":21},"end":{"line":23,"column":31}},"3":{"start":{"line":25,"column":22},"end":{"line":25,"column":43}},"4":{"start":{"line":27,"column":30},"end":{"line":34,"column":13}},"5":{"start":{"line":28,"column":4},"end":{"line":33,"column":6}},"6":{"start":{"line":36,"column":2},"end":{"line":61,"column":3}}},"fnMap":{"0":{"name":"(anonymous_0)","decl":{"start":{"line":21,"column":37},"end":{"line":21,"column":38}},"loc":{"start":{"line":21,"column":43},"end":{"line":62,"column":1}},"line":21},"1":{"name":"(anonymous_1)","decl":{"start":{"line":27,"column":42},"end":{"line":27,"column":43}},"loc":{"start":{"line":27,"column":48},"end":{"line":34,"column":3}},"line":27}},"branchMap":{},"s":{"0":0,"1":0,"2":0,"3":0,"4":0,"5":0,"6":0},"f":{"0":0,"1":0},"b":{}}
,"/Users/pass-renan/Documents/projects/gostack/gobarber-mobile/src/pages/CreateAppointment/index.tsx": {"path":"/Users/pass-renan/Documents/projects/gostack/gobarber-mobile/src/pages/CreateAppointment/index.tsx","statementMap":{"0":{"start":{"line":50,"column":36},"end":{"line":308,"column":1}},"1":{"start":{"line":51,"column":19},"end":{"line":51,"column":28}},"2":{"start":{"line":52,"column":16},"end":{"line":52,"column":26}},"3":{"start":{"line":53,"column":31},"end":{"line":53,"column":46}},"4":{"start":{"line":54,"column":22},"end":{"line":54,"column":49}},"5":{"start":{"line":56,"column":46},"end":{"line":56,"column":61}},"6":{"start":{"line":57,"column":42},"end":{"line":57,"column":62}},"7":{"start":{"line":58,"column":42},"end":{"line":58,"column":53}},"8":{"start":{"line":59,"column":36},"end":{"line":59,"column":60}},"9":{"start":{"line":60,"column":50},"end":{"line":60,"column":82}},"10":{"start":{"line":61,"column":42},"end":{"line":61,"column":74}},"11":{"start":{"line":63,"column":2},"end":{"line":67,"column":9}},"12":{"start":{"line":64,"column":4},"end":{"line":66,"column":7}},"13":{"start":{"line":65,"column":6},"end":{"line":65,"column":34}},"14":{"start":{"line":69,"column":2},"end":{"line":79,"column":39}},"15":{"start":{"line":70,"column":4},"end":{"line":78,"column":6}},"16":{"start":{"line":77,"column":6},"end":{"line":77,"column":36}},"17":{"start":{"line":81,"column":23},"end":{"line":83,"column":14}},"18":{"start":{"line":82,"column":4},"end":{"line":82,"column":13}},"19":{"start":{"line":85,"column":31},"end":{"line":87,"column":8}},"20":{"start":{"line":86,"column":4},"end":{"line":86,"column":36}},"21":{"start":{"line":89,"column":33},"end":{"line":91,"column":8}},"22":{"start":{"line":90,"column":4},"end":{"line":90,"column":38}},"23":{"start":{"line":90,"column":31},"end":{"line":90,"column":37}},"24":{"start":{"line":93,"column":28},"end":{"line":101,"column":8}},"25":{"start":{"line":94,"column":4},"end":{"line":96,"column":5}},"26":{"start":{"line":95,"column":6},"end":{"line":95,"column":31}},"27":{"start":{"line":98,"column":4},"end":{"line":100,"column":5}},"28":{"start":{"line":99,"column":6},"end":{"line":99,"column":28}},"29":{"start":{"line":103,"column":29},"end":{"line":105,"column":20}},"30":{"start":{"line":104,"column":4},"end":{"line":104,"column":46}},"31":{"start":{"line":107,"column":30},"end":{"line":117,"column":20}},"32":{"start":{"line":108,"column":4},"end":{"line":116,"column":9}},"33":{"start":{"line":109,"column":28},"end":{"line":109,"column":37}},"34":{"start":{"line":111,"column":8},"end":{"line":115,"column":10}},"35":{"start":{"line":119,"column":32},"end":{"line":129,"column":20}},"36":{"start":{"line":120,"column":4},"end":{"line":128,"column":9}},"37":{"start":{"line":121,"column":28},"end":{"line":121,"column":38}},"38":{"start":{"line":123,"column":8},"end":{"line":127,"column":10}},"39":{"start":{"line":131,"column":27},"end":{"line":133,"column":8}},"40":{"start":{"line":132,"column":4},"end":{"line":132,"column":25}},"41":{"start":{"line":135,"column":29},"end":{"line":137,"column":20}},"42":{"start":{"line":136,"column":4},"end":{"line":136,"column":61}},"43":{"start":{"line":139,"column":34},"end":{"line":182,"column":4}},"44":{"start":{"line":140,"column":4},"end":{"line":174,"column":5}},"45":{"start":{"line":141,"column":6},"end":{"line":146,"column":7}},"46":{"start":{"line":142,"column":8},"end":{"line":145,"column":9}},"47":{"start":{"line":148,"column":23},"end":{"line":150,"column":7}},"48":{"start":{"line":149,"column":20},"end":{"line":149,"column":52}},"49":{"start":{"line":151,"column":19},"end":{"line":151,"column":41}},"50":{"start":{"line":153,"column":6},"end":{"line":153,"column":34}},"51":{"start":{"line":154,"column":6},"end":{"line":154,"column":25}},"52":{"start":{"line":156,"column":28},"end":{"line":156,"column":63}},"53":{"start":{"line":158,"column":6},"end":{"line":161,"column":9}},"54":{"start":{"line":163,"column":6},"end":{"line":168,"column":8}},"55":{"start":{"line":170,"column":6},"end":{"line":173,"column":7}},"56":{"start":{"line":184,"column":2},"end":{"line":307,"column":3}},"57":{"start":{"line":209,"column":38},"end":{"line":209,"column":49}},"58":{"start":{"line":211,"column":14},"end":{"line":227,"column":34}},"59":{"start":{"line":212,"column":31},"end":{"line":212,"column":64}},"60":{"start":{"line":258,"column":20},"end":{"line":268,"column":27}},"61":{"start":{"line":263,"column":37},"end":{"line":263,"column":59}},"62":{"start":{"line":280,"column":20},"end":{"line":290,"column":27}},"63":{"start":{"line":285,"column":37},"end":{"line":285,"column":59}}},"fnMap":{"0":{"name":"(anonymous_0)","decl":{"start":{"line":50,"column":36},"end":{"line":50,"column":37}},"loc":{"start":{"line":50,"column":42},"end":{"line":308,"column":1}},"line":50},"1":{"name":"(anonymous_1)","decl":{"start":{"line":63,"column":12},"end":{"line":63,"column":13}},"loc":{"start":{"line":63,"column":18},"end":{"line":67,"column":3}},"line":63},"2":{"name":"(anonymous_2)","decl":{"start":{"line":64,"column":30},"end":{"line":64,"column":31}},"loc":{"start":{"line":64,"column":42},"end":{"line":66,"column":5}},"line":64},"3":{"name":"(anonymous_3)","decl":{"start":{"line":69,"column":12},"end":{"line":69,"column":13}},"loc":{"start":{"line":69,"column":18},"end":{"line":79,"column":3}},"line":69},"4":{"name":"(anonymous_4)","decl":{"start":{"line":76,"column":12},"end":{"line":76,"column":13}},"loc":{"start":{"line":76,"column":24},"end":{"line":78,"column":5}},"line":76},"5":{"name":"(anonymous_5)","decl":{"start":{"line":81,"column":35},"end":{"line":81,"column":36}},"loc":{"start":{"line":81,"column":41},"end":{"line":83,"column":3}},"line":81},"6":{"name":"(anonymous_6)","decl":{"start":{"line":85,"column":43},"end":{"line":85,"column":44}},"loc":{"start":{"line":85,"column":67},"end":{"line":87,"column":3}},"line":85},"7":{"name":"(anonymous_7)","decl":{"start":{"line":89,"column":45},"end":{"line":89,"column":46}},"loc":{"start":{"line":89,"column":51},"end":{"line":91,"column":3}},"line":89},"8":{"name":"(anonymous_8)","decl":{"start":{"line":90,"column":22},"end":{"line":90,"column":23}},"loc":{"start":{"line":90,"column":31},"end":{"line":90,"column":37}},"line":90},"9":{"name":"(anonymous_9)","decl":{"start":{"line":93,"column":40},"end":{"line":93,"column":41}},"loc":{"start":{"line":93,"column":80},"end":{"line":101,"column":3}},"line":93},"10":{"name":"(anonymous_10)","decl":{"start":{"line":103,"column":37},"end":{"line":103,"column":38}},"loc":{"start":{"line":103,"column":43},"end":{"line":105,"column":3}},"line":103},"11":{"name":"(anonymous_11)","decl":{"start":{"line":107,"column":38},"end":{"line":107,"column":39}},"loc":{"start":{"line":107,"column":44},"end":{"line":117,"column":3}},"line":107},"12":{"name":"(anonymous_12)","decl":{"start":{"line":109,"column":14},"end":{"line":109,"column":15}},"loc":{"start":{"line":109,"column":28},"end":{"line":109,"column":37}},"line":109},"13":{"name":"(anonymous_13)","decl":{"start":{"line":110,"column":11},"end":{"line":110,"column":12}},"loc":{"start":{"line":110,"column":36},"end":{"line":116,"column":7}},"line":110},"14":{"name":"(anonymous_14)","decl":{"start":{"line":119,"column":40},"end":{"line":119,"column":41}},"loc":{"start":{"line":119,"column":46},"end":{"line":129,"column":3}},"line":119},"15":{"name":"(anonymous_15)","decl":{"start":{"line":121,"column":14},"end":{"line":121,"column":15}},"loc":{"start":{"line":121,"column":28},"end":{"line":121,"column":38}},"line":121},"16":{"name":"(anonymous_16)","decl":{"start":{"line":122,"column":11},"end":{"line":122,"column":12}},"loc":{"start":{"line":122,"column":36},"end":{"line":128,"column":7}},"line":122},"17":{"name":"(anonymous_17)","decl":{"start":{"line":131,"column":39},"end":{"line":131,"column":40}},"loc":{"start":{"line":131,"column":57},"end":{"line":133,"column":3}},"line":131},"18":{"name":"(anonymous_18)","decl":{"start":{"line":135,"column":37},"end":{"line":135,"column":38}},"loc":{"start":{"line":135,"column":43},"end":{"line":137,"column":3}},"line":135},"19":{"name":"(anonymous_19)","decl":{"start":{"line":139,"column":46},"end":{"line":139,"column":47}},"loc":{"start":{"line":139,"column":58},"end":{"line":175,"column":3}},"line":139},"20":{"name":"(anonymous_20)","decl":{"start":{"line":149,"column":8},"end":{"line":149,"column":9}},"loc":{"start":{"line":149,"column":20},"end":{"line":149,"column":52}},"line":149},"21":{"name":"(anonymous_21)","decl":{"start":{"line":209,"column":26},"end":{"line":209,"column":27}},"loc":{"start":{"line":209,"column":38},"end":{"line":209,"column":49}},"line":209},"22":{"name":"(anonymous_22)","decl":{"start":{"line":210,"column":24},"end":{"line":210,"column":25}},"loc":{"start":{"line":211,"column":14},"end":{"line":227,"column":34}},"line":211},"23":{"name":"(anonymous_23)","decl":{"start":{"line":212,"column":25},"end":{"line":212,"column":26}},"loc":{"start":{"line":212,"column":31},"end":{"line":212,"column":64}},"line":212},"24":{"name":"(anonymous_24)","decl":{"start":{"line":255,"column":41},"end":{"line":255,"column":42}},"loc":{"start":{"line":258,"column":20},"end":{"line":268,"column":27}},"line":258},"25":{"name":"(anonymous_25)","decl":{"start":{"line":263,"column":31},"end":{"line":263,"column":32}},"loc":{"start":{"line":263,"column":37},"end":{"line":263,"column":59}},"line":263},"26":{"name":"(anonymous_26)","decl":{"start":{"line":277,"column":43},"end":{"line":277,"column":44}},"loc":{"start":{"line":280,"column":20},"end":{"line":290,"column":27}},"line":280},"27":{"name":"(anonymous_27)","decl":{"start":{"line":285,"column":31},"end":{"line":285,"column":32}},"loc":{"start":{"line":285,"column":37},"end":{"line":285,"column":59}},"line":285}},"branchMap":{"0":{"loc":{"start":{"line":94,"column":4},"end":{"line":96,"column":5}},"type":"if","locations":[{"start":{"line":94,"column":4},"end":{"line":96,"column":5}},{"start":{"line":94,"column":4},"end":{"line":96,"column":5}}],"line":94},"1":{"loc":{"start":{"line":98,"column":4},"end":{"line":100,"column":5}},"type":"if","locations":[{"start":{"line":98,"column":4},"end":{"line":100,"column":5}},{"start":{"line":98,"column":4},"end":{"line":100,"column":5}}],"line":98},"2":{"loc":{"start":{"line":141,"column":6},"end":{"line":146,"column":7}},"type":"if","locations":[{"start":{"line":141,"column":6},"end":{"line":146,"column":7}},{"start":{"line":141,"column":6},"end":{"line":146,"column":7}}],"line":141},"3":{"loc":{"start":{"line":141,"column":10},"end":{"line":141,"column":57}},"type":"binary-expr","locations":[{"start":{"line":141,"column":10},"end":{"line":141,"column":33}},{"start":{"line":141,"column":37},"end":{"line":141,"column":57}}],"line":141},"4":{"loc":{"start":{"line":193,"column":9},"end":{"line":199,"column":30}},"type":"cond-expr","locations":[{"start":{"line":194,"column":12},"end":{"line":194,"column":60}},{"start":{"line":195,"column":12},"end":{"line":199,"column":30}}],"line":193},"5":{"loc":{"start":{"line":216,"column":18},"end":{"line":222,"column":45}},"type":"cond-expr","locations":[{"start":{"line":217,"column":22},"end":{"line":217,"column":78}},{"start":{"line":218,"column":22},"end":{"line":222,"column":45}}],"line":216},"6":{"loc":{"start":{"line":237,"column":11},"end":{"line":245,"column":11}},"type":"binary-expr","locations":[{"start":{"line":237,"column":11},"end":{"line":237,"column":25}},{"start":{"line":238,"column":12},"end":{"line":244,"column":14}}],"line":237},"7":{"loc":{"start":{"line":248,"column":9},"end":{"line":294,"column":21}},"type":"cond-expr","locations":[{"start":{"line":249,"column":12},"end":{"line":249,"column":89}},{"start":{"line":250,"column":12},"end":{"line":294,"column":21}}],"line":248},"8":{"loc":{"start":{"line":248,"column":9},"end":{"line":248,"column":56}},"type":"binary-expr","locations":[{"start":{"line":248,"column":9},"end":{"line":248,"column":32}},{"start":{"line":248,"column":36},"end":{"line":248,"column":56}}],"line":248},"9":{"loc":{"start":{"line":297,"column":9},"end":{"line":302,"column":36}},"type":"binary-expr","locations":[{"start":{"line":297,"column":9},"end":{"line":297,"column":23}},{"start":{"line":298,"column":10},"end":{"line":302,"column":36}}],"line":297}},"s":{"0":0,"1":0,"2":0,"3":0,"4":0,"5":0,"6":0,"7":0,"8":0,"9":0,"10":0,"11":0,"12":0,"13":0,"14":0,"15":0,"16":0,"17":0,"18":0,"19":0,"20":0,"21":0,"22":0,"23":0,"24":0,"25":0,"26":0,"27":0,"28":0,"29":0,"30":0,"31":0,"32":0,"33":0,"34":0,"35":0,"36":0,"37":0,"38":0,"39":0,"40":0,"41":0,"42":0,"43":0,"44":0,"45":0,"46":0,"47":0,"48":0,"49":0,"50":0,"51":0,"52":0,"53":0,"54":0,"55":0,"56":0,"57":0,"58":0,"59":0,"60":0,"61":0,"62":0,"63":0},"f":{"0":0,"1":0,"2":0,"3":0,"4":0,"5":0,"6":0,"7":0,"8":0,"9":0,"10":0,"11":0,"12":0,"13":0,"14":0,"15":0,"16":0,"17":0,"18":0,"19":0,"20":0,"21":0,"22":0,"23":0,"24":0,"25":0,"26":0,"27":0},"b":{"0":[0,0],"1":[0,0],"2":[0,0],"3":[0,0],"4":[0,0],"5":[0,0],"6":[0,0],"7":[0,0],"8":[0,0],"9":[0,0]}}
,"/Users/pass-renan/Documents/projects/gostack/gobarber-mobile/src/pages/Dashboard/index.tsx": {"path":"/Users/pass-renan/Documents/projects/gostack/gobarber-mobile/src/pages/Dashboard/index.tsx","statementMap":{"0":{"start":{"line":35,"column":28},"end":{"line":115,"column":1}},"1":{"start":{"line":36,"column":36},"end":{"line":36,"column":60}},"2":{"start":{"line":38,"column":19},"end":{"line":38,"column":28}},"3":{"start":{"line":39,"column":23},"end":{"line":39,"column":38}},"4":{"start":{"line":41,"column":2},"end":{"line":45,"column":9}},"5":{"start":{"line":42,"column":4},"end":{"line":44,"column":7}},"6":{"start":{"line":43,"column":6},"end":{"line":43,"column":34}},"7":{"start":{"line":47,"column":28},"end":{"line":49,"column":16}},"8":{"start":{"line":48,"column":4},"end":{"line":48,"column":24}},"9":{"start":{"line":51,"column":38},"end":{"line":53,"column":16}},"10":{"start":{"line":52,"column":4},"end":{"line":52,"column":49}},"11":{"start":{"line":55,"column":2},"end":{"line":114,"column":3}},"12":{"start":{"line":77,"column":34},"end":{"line":77,"column":45}},"13":{"start":{"line":93,"column":10},"end":{"line":109,"column":30}},"14":{"start":{"line":94,"column":18},"end":{"line":94,"column":58}}},"fnMap":{"0":{"name":"(anonymous_0)","decl":{"start":{"line":35,"column":28},"end":{"line":35,"column":29}},"loc":{"start":{"line":35,"column":34},"end":{"line":115,"column":1}},"line":35},"1":{"name":"(anonymous_1)","decl":{"start":{"line":41,"column":12},"end":{"line":41,"column":13}},"loc":{"start":{"line":41,"column":18},"end":{"line":45,"column":3}},"line":41},"2":{"name":"(anonymous_2)","decl":{"start":{"line":42,"column":30},"end":{"line":42,"column":31}},"loc":{"start":{"line":42,"column":42},"end":{"line":44,"column":5}},"line":42},"3":{"name":"(anonymous_3)","decl":{"start":{"line":47,"column":40},"end":{"line":47,"column":41}},"loc":{"start":{"line":47,"column":46},"end":{"line":49,"column":3}},"line":47},"4":{"name":"(anonymous_4)","decl":{"start":{"line":51,"column":50},"end":{"line":51,"column":51}},"loc":{"start":{"line":51,"column":74},"end":{"line":53,"column":3}},"line":51},"5":{"name":"(anonymous_5)","decl":{"start":{"line":77,"column":22},"end":{"line":77,"column":23}},"loc":{"start":{"line":77,"column":34},"end":{"line":77,"column":45}},"line":77},"6":{"name":"(anonymous_6)","decl":{"start":{"line":92,"column":20},"end":{"line":92,"column":21}},"loc":{"start":{"line":93,"column":10},"end":{"line":109,"column":30}},"line":93},"7":{"name":"(anonymous_7)","decl":{"start":{"line":94,"column":12},"end":{"line":94,"column":13}},"loc":{"start":{"line":94,"column":18},"end":{"line":94,"column":58}},"line":94}},"branchMap":{"0":{"loc":{"start":{"line":64,"column":11},"end":{"line":70,"column":32}},"type":"cond-expr","locations":[{"start":{"line":65,"column":14},"end":{"line":65,"column":62}},{"start":{"line":66,"column":14},"end":{"line":70,"column":32}}],"line":64},"1":{"loc":{"start":{"line":97,"column":14},"end":{"line":103,"column":36}},"type":"cond-expr","locations":[{"start":{"line":98,"column":18},"end":{"line":98,"column":74}},{"start":{"line":99,"column":18},"end":{"line":103,"column":36}}],"line":97}},"s":{"0":0,"1":0,"2":0,"3":0,"4":0,"5":0,"6":0,"7":0,"8":0,"9":0,"10":0,"11":0,"12":0,"13":0,"14":0},"f":{"0":0,"1":0,"2":0,"3":0,"4":0,"5":0,"6":0,"7":0},"b":{"0":[0,0],"1":[0,0]}}
,"/Users/pass-renan/Documents/projects/gostack/gobarber-mobile/src/pages/Login/index.tsx": {"path":"/Users/pass-renan/Documents/projects/gostack/gobarber-mobile/src/pages/Login/index.tsx","statementMap":{"0":{"start":{"line":40,"column":24},"end":{"line":145,"column":1}},"1":{"start":{"line":41,"column":21},"end":{"line":41,"column":36}},"2":{"start":{"line":42,"column":18},"end":{"line":42,"column":43}},"3":{"start":{"line":43,"column":27},"end":{"line":43,"column":50}},"4":{"start":{"line":45,"column":21},"end":{"line":45,"column":30}},"5":{"start":{"line":47,"column":23},"end":{"line":81,"column":14}},"6":{"start":{"line":48,"column":4},"end":{"line":80,"column":5}},"7":{"start":{"line":49,"column":6},"end":{"line":49,"column":37}},"8":{"start":{"line":51,"column":21},"end":{"line":54,"column":8}},"9":{"start":{"line":56,"column":6},"end":{"line":56,"column":57}},"10":{"start":{"line":58,"column":6},"end":{"line":61,"column":9}},"11":{"start":{"line":63,"column":6},"end":{"line":74,"column":7}},"12":{"start":{"line":64,"column":23},"end":{"line":64,"column":47}},"13":{"start":{"line":66,"column":8},"end":{"line":66,"column":43}},"14":{"start":{"line":68,"column":8},"end":{"line":71,"column":10}},"15":{"start":{"line":73,"column":8},"end":{"line":73,"column":15}},"16":{"start":{"line":76,"column":6},"end":{"line":79,"column":8}},"17":{"start":{"line":83,"column":2},"end":{"line":143,"column":3}},"18":{"start":{"line":111,"column":18},"end":{"line":111,"column":51}},"19":{"start":{"line":122,"column":18},"end":{"line":122,"column":48}},"20":{"start":{"line":127,"column":16},"end":{"line":127,"column":46}},"21":{"start":{"line":139,"column":36},"end":{"line":139,"column":65}}},"fnMap":{"0":{"name":"(anonymous_0)","decl":{"start":{"line":40,"column":24},"end":{"line":40,"column":25}},"loc":{"start":{"line":40,"column":30},"end":{"line":145,"column":1}},"line":40},"1":{"name":"(anonymous_1)","decl":{"start":{"line":47,"column":35},"end":{"line":47,"column":36}},"loc":{"start":{"line":47,"column":67},"end":{"line":81,"column":3}},"line":47},"2":{"name":"(anonymous_2)","decl":{"start":{"line":110,"column":33},"end":{"line":110,"column":34}},"loc":{"start":{"line":110,"column":39},"end":{"line":112,"column":17}},"line":110},"3":{"name":"(anonymous_3)","decl":{"start":{"line":121,"column":33},"end":{"line":121,"column":34}},"loc":{"start":{"line":121,"column":39},"end":{"line":123,"column":17}},"line":121},"4":{"name":"(anonymous_4)","decl":{"start":{"line":126,"column":31},"end":{"line":126,"column":32}},"loc":{"start":{"line":126,"column":37},"end":{"line":128,"column":15}},"line":126},"5":{"name":"(anonymous_5)","decl":{"start":{"line":131,"column":37},"end":{"line":131,"column":38}},"loc":{"start":{"line":131,"column":43},"end":{"line":131,"column":46}},"line":131},"6":{"name":"(anonymous_6)","decl":{"start":{"line":139,"column":30},"end":{"line":139,"column":31}},"loc":{"start":{"line":139,"column":36},"end":{"line":139,"column":65}},"line":139}},"branchMap":{"0":{"loc":{"start":{"line":63,"column":6},"end":{"line":74,"column":7}},"type":"if","locations":[{"start":{"line":63,"column":6},"end":{"line":74,"column":7}},{"start":{"line":63,"column":6},"end":{"line":74,"column":7}}],"line":63},"1":{"loc":{"start":{"line":87,"column":18},"end":{"line":87,"column":63}},"type":"cond-expr","locations":[{"start":{"line":87,"column":42},"end":{"line":87,"column":51}},{"start":{"line":87,"column":54},"end":{"line":87,"column":63}}],"line":87}},"s":{"0":1,"1":1,"2":1,"3":1,"4":1,"5":1,"6":0,"7":0,"8":0,"9":0,"10":0,"11":0,"12":0,"13":0,"14":0,"15":0,"16":0,"17":1,"18":0,"19":0,"20":0,"21":0},"f":{"0":1,"1":0,"2":0,"3":0,"4":0,"5":0,"6":0},"b":{"0":[0,0],"1":[1,0]},"_coverageSchema":"1a1c01bbd47fc00a2c39e90264f33305004495a9","hash":"02d06c371e297d97148aea1a04e365dca141d07f"}
,"/Users/pass-renan/Documents/projects/gostack/gobarber-mobile/src/pages/Profile/index.tsx": {"path":"/Users/pass-renan/Documents/projects/gostack/gobarber-mobile/src/pages/Profile/index.tsx","statementMap":{"0":{"start":{"line":43,"column":26},"end":{"line":271,"column":1}},"1":{"start":{"line":44,"column":40},"end":{"line":44,"column":49}},"2":{"start":{"line":46,"column":21},"end":{"line":46,"column":36}},"3":{"start":{"line":47,"column":18},"end":{"line":47,"column":43}},"4":{"start":{"line":48,"column":24},"end":{"line":48,"column":47}},"5":{"start":{"line":49,"column":30},"end":{"line":49,"column":53}},"6":{"start":{"line":50,"column":27},"end":{"line":50,"column":50}},"7":{"start":{"line":51,"column":34},"end":{"line":51,"column":57}},"8":{"start":{"line":53,"column":24},"end":{"line":123,"column":30}},"9":{"start":{"line":54,"column":4},"end":{"line":122,"column":5}},"10":{"start":{"line":55,"column":6},"end":{"line":55,"column":37}},"11":{"start":{"line":57,"column":21},"end":{"line":75,"column":8}},"12":{"start":{"line":62,"column":21},"end":{"line":62,"column":33}},"13":{"start":{"line":69,"column":21},"end":{"line":69,"column":33}},"14":{"start":{"line":77,"column":6},"end":{"line":77,"column":57}},"15":{"start":{"line":85,"column":10},"end":{"line":85,"column":14}},"16":{"start":{"line":87,"column":23},"end":{"line":95,"column":7}},"17":{"start":{"line":97,"column":23},"end":{"line":97,"column":58}},"18":{"start":{"line":99,"column":6},"end":{"line":99,"column":32}},"19":{"start":{"line":101,"column":6},"end":{"line":101,"column":26}},"20":{"start":{"line":103,"column":6},"end":{"line":103,"column":50}},"21":{"start":{"line":105,"column":6},"end":{"line":116,"column":7}},"22":{"start":{"line":106,"column":23},"end":{"line":106,"column":47}},"23":{"start":{"line":108,"column":8},"end":{"line":108,"column":43}},"24":{"start":{"line":110,"column":8},"end":{"line":113,"column":10}},"25":{"start":{"line":115,"column":8},"end":{"line":115,"column":15}},"26":{"start":{"line":118,"column":6},"end":{"line":121,"column":8}},"27":{"start":{"line":125,"column":29},"end":{"line":151,"column":27}},"28":{"start":{"line":126,"column":4},"end":{"line":150,"column":7}},"29":{"start":{"line":129,"column":6},"end":{"line":131,"column":7}},"30":{"start":{"line":130,"column":8},"end":{"line":130,"column":15}},"31":{"start":{"line":133,"column":6},"end":{"line":136,"column":7}},"32":{"start":{"line":134,"column":8},"end":{"line":134,"column":94}},"33":{"start":{"line":135,"column":8},"end":{"line":135,"column":15}},"34":{"start":{"line":138,"column":19},"end":{"line":138,"column":33}},"35":{"start":{"line":140,"column":6},"end":{"line":144,"column":9}},"36":{"start":{"line":146,"column":6},"end":{"line":148,"column":9}},"37":{"start":{"line":147,"column":8},"end":{"line":147,"column":29}},"38":{"start":{"line":153,"column":23},"end":{"line":155,"column":18}},"39":{"start":{"line":154,"column":4},"end":{"line":154,"column":24}},"40":{"start":{"line":157,"column":2},"end":{"line":269,"column":3}},"41":{"start":{"line":203,"column":18},"end":{"line":203,"column":48}},"42":{"start":{"line":216,"column":18},"end":{"line":216,"column":54}},"43":{"start":{"line":230,"column":18},"end":{"line":230,"column":51}},"44":{"start":{"line":243,"column":18},"end":{"line":243,"column":58}},"45":{"start":{"line":256,"column":18},"end":{"line":256,"column":48}},"46":{"start":{"line":261,"column":16},"end":{"line":261,"column":46}}},"fnMap":{"0":{"name":"(anonymous_0)","decl":{"start":{"line":43,"column":26},"end":{"line":43,"column":27}},"loc":{"start":{"line":43,"column":32},"end":{"line":271,"column":1}},"line":43},"1":{"name":"(anonymous_1)","decl":{"start":{"line":53,"column":36},"end":{"line":53,"column":37}},"loc":{"start":{"line":53,"column":69},"end":{"line":123,"column":3}},"line":53},"2":{"name":"(anonymous_2)","decl":{"start":{"line":62,"column":14},"end":{"line":62,"column":15}},"loc":{"start":{"line":62,"column":21},"end":{"line":62,"column":33}},"line":62},"3":{"name":"(anonymous_3)","decl":{"start":{"line":69,"column":14},"end":{"line":69,"column":15}},"loc":{"start":{"line":69,"column":21},"end":{"line":69,"column":33}},"line":69},"4":{"name":"(anonymous_4)","decl":{"start":{"line":125,"column":41},"end":{"line":125,"column":42}},"loc":{"start":{"line":125,"column":47},"end":{"line":151,"column":3}},"line":125},"5":{"name":"(anonymous_5)","decl":{"start":{"line":128,"column":7},"end":{"line":128,"column":8}},"loc":{"start":{"line":128,"column":19},"end":{"line":150,"column":5}},"line":128},"6":{"name":"(anonymous_6)","decl":{"start":{"line":146,"column":43},"end":{"line":146,"column":44}},"loc":{"start":{"line":146,"column":50},"end":{"line":148,"column":7}},"line":146},"7":{"name":"(anonymous_7)","decl":{"start":{"line":153,"column":35},"end":{"line":153,"column":36}},"loc":{"start":{"line":153,"column":41},"end":{"line":155,"column":3}},"line":153},"8":{"name":"(anonymous_8)","decl":{"start":{"line":202,"column":33},"end":{"line":202,"column":34}},"loc":{"start":{"line":202,"column":39},"end":{"line":204,"column":17}},"line":202},"9":{"name":"(anonymous_9)","decl":{"start":{"line":215,"column":33},"end":{"line":215,"column":34}},"loc":{"start":{"line":215,"column":39},"end":{"line":217,"column":17}},"line":215},"10":{"name":"(anonymous_10)","decl":{"start":{"line":229,"column":33},"end":{"line":229,"column":34}},"loc":{"start":{"line":229,"column":39},"end":{"line":231,"column":17}},"line":229},"11":{"name":"(anonymous_11)","decl":{"start":{"line":242,"column":33},"end":{"line":242,"column":34}},"loc":{"start":{"line":242,"column":39},"end":{"line":244,"column":17}},"line":242},"12":{"name":"(anonymous_12)","decl":{"start":{"line":255,"column":33},"end":{"line":255,"column":34}},"loc":{"start":{"line":255,"column":39},"end":{"line":257,"column":17}},"line":255},"13":{"name":"(anonymous_13)","decl":{"start":{"line":260,"column":31},"end":{"line":260,"column":32}},"loc":{"start":{"line":260,"column":37},"end":{"line":262,"column":15}},"line":260}},"branchMap":{"0":{"loc":{"start":{"line":90,"column":12},"end":{"line":94,"column":14}},"type":"cond-expr","locations":[{"start":{"line":90,"column":27},"end":{"line":94,"column":9}},{"start":{"line":94,"column":12},"end":{"line":94,"column":14}}],"line":90},"1":{"loc":{"start":{"line":105,"column":6},"end":{"line":116,"column":7}},"type":"if","locations":[{"start":{"line":105,"column":6},"end":{"line":116,"column":7}},{"start":{"line":105,"column":6},"end":{"line":116,"column":7}}],"line":105},"2":{"loc":{"start":{"line":129,"column":6},"end":{"line":131,"column":7}},"type":"if","locations":[{"start":{"line":129,"column":6},"end":{"line":131,"column":7}},{"start":{"line":129,"column":6},"end":{"line":131,"column":7}}],"line":129},"3":{"loc":{"start":{"line":133,"column":6},"end":{"line":136,"column":7}},"type":"if","locations":[{"start":{"line":133,"column":6},"end":{"line":136,"column":7}},{"start":{"line":133,"column":6},"end":{"line":136,"column":7}}],"line":133},"4":{"loc":{"start":{"line":161,"column":18},"end":{"line":161,"column":63}},"type":"cond-expr","locations":[{"start":{"line":161,"column":42},"end":{"line":161,"column":51}},{"start":{"line":161,"column":54},"end":{"line":161,"column":63}}],"line":161},"5":{"loc":{"start":{"line":179,"column":15},"end":{"line":183,"column":36}},"type":"cond-expr","locations":[{"start":{"line":180,"column":18},"end":{"line":180,"column":66}},{"start":{"line":181,"column":18},"end":{"line":183,"column":36}}],"line":179}},"s":{"0":0,"1":0,"2":0,"3":0,"4":0,"5":0,"6":0,"7":0,"8":0,"9":0,"10":0,"11":0,"12":0,"13":0,"14":0,"15":0,"16":0,"17":0,"18":0,"19":0,"20":0,"21":0,"22":0,"23":0,"24":0,"25":0,"26":0,"27":0,"28":0,"29":0,"30":0,"31":0,"32":0,"33":0,"34":0,"35":0,"36":0,"37":0,"38":0,"39":0,"40":0,"41":0,"42":0,"43":0,"44":0,"45":0,"46":0},"f":{"0":0,"1":0,"2":0,"3":0,"4":0,"5":0,"6":0,"7":0,"8":0,"9":0,"10":0,"11":0,"12":0,"13":0},"b":{"0":[0,0],"1":[0,0],"2":[0,0],"3":[0,0],"4":[0,0],"5":[0,0]}}
,"/Users/pass-renan/Documents/projects/gostack/gobarber-mobile/src/pages/SignUp/index.tsx": {"path":"/Users/pass-renan/Documents/projects/gostack/gobarber-mobile/src/pages/SignUp/index.tsx","statementMap":{"0":{"start":{"line":33,"column":25},"end":{"line":151,"column":1}},"1":{"start":{"line":34,"column":21},"end":{"line":34,"column":36}},"2":{"start":{"line":35,"column":18},"end":{"line":35,"column":43}},"3":{"start":{"line":36,"column":24},"end":{"line":36,"column":47}},"4":{"start":{"line":37,"column":27},"end":{"line":37,"column":50}},"5":{"start":{"line":39,"column":23},"end":{"line":78,"column":18}},"6":{"start":{"line":40,"column":4},"end":{"line":77,"column":5}},"7":{"start":{"line":41,"column":6},"end":{"line":41,"column":37}},"8":{"start":{"line":43,"column":21},"end":{"line":47,"column":8}},"9":{"start":{"line":49,"column":6},"end":{"line":49,"column":57}},"10":{"start":{"line":51,"column":6},"end":{"line":51,"column":37}},"11":{"start":{"line":53,"column":6},"end":{"line":56,"column":8}},"12":{"start":{"line":58,"column":6},"end":{"line":58,"column":25}},"13":{"start":{"line":60,"column":6},"end":{"line":71,"column":7}},"14":{"start":{"line":61,"column":23},"end":{"line":61,"column":47}},"15":{"start":{"line":63,"column":8},"end":{"line":63,"column":43}},"16":{"start":{"line":65,"column":8},"end":{"line":68,"column":10}},"17":{"start":{"line":70,"column":8},"end":{"line":70,"column":15}},"18":{"start":{"line":73,"column":6},"end":{"line":76,"column":8}},"19":{"start":{"line":80,"column":2},"end":{"line":149,"column":3}},"20":{"start":{"line":106,"column":18},"end":{"line":106,"column":48}},"21":{"start":{"line":119,"column":18},"end":{"line":119,"column":51}},"22":{"start":{"line":131,"column":18},"end":{"line":131,"column":48}},"23":{"start":{"line":136,"column":16},"end":{"line":136,"column":46}},"24":{"start":{"line":144,"column":34},"end":{"line":144,"column":53}}},"fnMap":{"0":{"name":"(anonymous_0)","decl":{"start":{"line":33,"column":25},"end":{"line":33,"column":26}},"loc":{"start":{"line":33,"column":31},"end":{"line":151,"column":1}},"line":33},"1":{"name":"(anonymous_1)","decl":{"start":{"line":39,"column":35},"end":{"line":39,"column":36}},"loc":{"start":{"line":39,"column":67},"end":{"line":78,"column":3}},"line":39},"2":{"name":"(anonymous_2)","decl":{"start":{"line":105,"column":33},"end":{"line":105,"column":34}},"loc":{"start":{"line":105,"column":39},"end":{"line":107,"column":17}},"line":105},"3":{"name":"(anonymous_3)","decl":{"start":{"line":118,"column":33},"end":{"line":118,"column":34}},"loc":{"start":{"line":118,"column":39},"end":{"line":120,"column":17}},"line":118},"4":{"name":"(anonymous_4)","decl":{"start":{"line":130,"column":33},"end":{"line":130,"column":34}},"loc":{"start":{"line":130,"column":39},"end":{"line":132,"column":17}},"line":130},"5":{"name":"(anonymous_5)","decl":{"start":{"line":135,"column":31},"end":{"line":135,"column":32}},"loc":{"start":{"line":135,"column":37},"end":{"line":137,"column":15}},"line":135},"6":{"name":"(anonymous_6)","decl":{"start":{"line":144,"column":28},"end":{"line":144,"column":29}},"loc":{"start":{"line":144,"column":34},"end":{"line":144,"column":53}},"line":144}},"branchMap":{"0":{"loc":{"start":{"line":60,"column":6},"end":{"line":71,"column":7}},"type":"if","locations":[{"start":{"line":60,"column":6},"end":{"line":71,"column":7}},{"start":{"line":60,"column":6},"end":{"line":71,"column":7}}],"line":60},"1":{"loc":{"start":{"line":84,"column":18},"end":{"line":84,"column":63}},"type":"cond-expr","locations":[{"start":{"line":84,"column":42},"end":{"line":84,"column":51}},{"start":{"line":84,"column":54},"end":{"line":84,"column":63}}],"line":84}},"s":{"0":0,"1":0,"2":0,"3":0,"4":0,"5":0,"6":0,"7":0,"8":0,"9":0,"10":0,"11":0,"12":0,"13":0,"14":0,"15":0,"16":0,"17":0,"18":0,"19":0,"20":0,"21":0,"22":0,"23":0,"24":0},"f":{"0":0,"1":0,"2":0,"3":0,"4":0,"5":0,"6":0},"b":{"0":[0,0],"1":[0,0]}}
}
