TN:
SF:src/components/Button/index.tsx
FN:10,(anonymous_0)
FNF:1
FNH:1
FNDA:1,(anonymous_0)
DA:10,1
DA:11,1
LF:2
LH:2
BRF:0
BRH:0
end_of_record
TN:
SF:src/components/Input/index.tsx
FN:28,(anonymous_0)
FN:39,(anonymous_1)
FN:43,(anonymous_2)
FN:49,(anonymous_3)
FN:50,(anonymous_4)
FN:55,(anonymous_5)
FN:60,(anonymous_6)
FN:64,(anonymous_7)
FN:90,(anonymous_8)
FNF:9
FNH:3
FNDA:2,(anonymous_0)
FNDA:0,(anonymous_1)
FNDA:0,(anonymous_2)
FNDA:1,(anonymous_3)
FNDA:0,(anonymous_4)
FNDA:2,(anonymous_5)
FNDA:0,(anonymous_6)
FNDA:0,(anonymous_7)
FNDA:0,(anonymous_8)
DA:28,1
DA:31,2
DA:33,2
DA:34,2
DA:36,2
DA:37,2
DA:39,2
DA:40,0
DA:43,2
DA:44,0
DA:46,0
DA:49,2
DA:51,0
DA:55,2
DA:56,2
DA:61,0
DA:62,0
DA:65,0
DA:66,0
DA:71,2
DA:91,0
LF:21
LH:12
BRDA:29,0,0,2
BRDA:33,1,0,2
BRDA:80,2,0,0
BRDA:80,2,1,2
BRDA:80,3,0,2
BRDA:80,3,1,2
BRF:6
BRH:5
end_of_record
TN:
SF:src/hooks/auth.tsx
FN:38,(anonymous_0)
FN:42,(anonymous_1)
FN:43,loadStorageData
FN:61,(anonymous_3)
FN:79,(anonymous_4)
FN:88,(anonymous_5)
FN:110,useAuth
FNF:7
FNH:1
FNDA:0,(anonymous_0)
FNDA:0,(anonymous_1)
FNDA:0,loadStorageData
FNDA:0,(anonymous_3)
FNDA:0,(anonymous_4)
FNDA:0,(anonymous_5)
FNDA:1,useAuth
DA:36,1
DA:38,1
DA:39,0
DA:40,0
DA:42,0
DA:44,0
DA:49,0
DA:50,0
DA:52,0
DA:55,0
DA:58,0
DA:61,0
DA:62,0
DA:67,0
DA:69,0
DA:74,0
DA:76,0
DA:79,0
DA:80,0
DA:85,0
DA:88,0
DA:89,0
DA:91,0
DA:97,0
DA:111,1
DA:113,1
DA:114,0
DA:117,1
LF:28
LH:5
BRDA:49,0,0,0
BRDA:49,0,1,0
BRDA:49,1,0,0
BRDA:49,1,1,0
BRDA:113,2,0,0
BRDA:113,2,1,1
BRF:6
BRH:1
end_of_record
TN:
SF:src/pages/AppointmentCreated/index.tsx
FN:21,(anonymous_0)
FN:27,(anonymous_1)
FNF:2
FNH:0
FNDA:0,(anonymous_0)
FNDA:0,(anonymous_1)
DA:21,0
DA:22,0
DA:23,0
DA:25,0
DA:27,0
DA:28,0
DA:36,0
LF:7
LH:0
BRF:0
BRH:0
end_of_record
TN:
SF:src/pages/CreateAppointment/index.tsx
FN:50,(anonymous_0)
FN:63,(anonymous_1)
FN:64,(anonymous_2)
FN:69,(anonymous_3)
FN:76,(anonymous_4)
FN:81,(anonymous_5)
FN:85,(anonymous_6)
FN:89,(anonymous_7)
FN:90,(anonymous_8)
FN:93,(anonymous_9)
FN:103,(anonymous_10)
FN:107,(anonymous_11)
FN:109,(anonymous_12)
FN:110,(anonymous_13)
FN:119,(anonymous_14)
FN:121,(anonymous_15)
FN:122,(anonymous_16)
FN:131,(anonymous_17)
FN:135,(anonymous_18)
FN:139,(anonymous_19)
FN:149,(anonymous_20)
FN:209,(anonymous_21)
FN:210,(anonymous_22)
FN:212,(anonymous_23)
FN:255,(anonymous_24)
FN:263,(anonymous_25)
FN:277,(anonymous_26)
FN:285,(anonymous_27)
FNF:28
FNH:0
FNDA:0,(anonymous_0)
FNDA:0,(anonymous_1)
FNDA:0,(anonymous_2)
FNDA:0,(anonymous_3)
FNDA:0,(anonymous_4)
FNDA:0,(anonymous_5)
FNDA:0,(anonymous_6)
FNDA:0,(anonymous_7)
FNDA:0,(anonymous_8)
FNDA:0,(anonymous_9)
FNDA:0,(anonymous_10)
FNDA:0,(anonymous_11)
FNDA:0,(anonymous_12)
FNDA:0,(anonymous_13)
FNDA:0,(anonymous_14)
FNDA:0,(anonymous_15)
FNDA:0,(anonymous_16)
FNDA:0,(anonymous_17)
FNDA:0,(anonymous_18)
FNDA:0,(anonymous_19)
FNDA:0,(anonymous_20)
FNDA:0,(anonymous_21)
FNDA:0,(anonymous_22)
FNDA:0,(anonymous_23)
FNDA:0,(anonymous_24)
FNDA:0,(anonymous_25)
FNDA:0,(anonymous_26)
FNDA:0,(anonymous_27)
DA:50,0
DA:51,0
DA:52,0
DA:53,0
DA:54,0
DA:56,0
DA:57,0
DA:58,0
DA:59,0
DA:60,0
DA:61,0
DA:63,0
DA:64,0
DA:65,0
DA:69,0
DA:70,0
DA:77,0
DA:81,0
DA:82,0
DA:85,0
DA:86,0
DA:89,0
DA:90,0
DA:93,0
DA:94,0
DA:95,0
DA:98,0
DA:99,0
DA:103,0
DA:104,0
DA:107,0
DA:108,0
DA:109,0
DA:111,0
DA:119,0
DA:120,0
DA:121,0
DA:123,0
DA:131,0
DA:132,0
DA:135,0
DA:136,0
DA:139,0
DA:140,0
DA:141,0
DA:142,0
DA:148,0
DA:149,0
DA:151,0
DA:153,0
DA:154,0
DA:156,0
DA:158,0
DA:163,0
DA:170,0
DA:184,0
DA:209,0
DA:211,0
DA:212,0
DA:258,0
DA:263,0
DA:280,0
DA:285,0
LF:63
LH:0
BRDA:94,0,0,0
BRDA:94,0,1,0
BRDA:98,1,0,0
BRDA:98,1,1,0
BRDA:141,2,0,0
BRDA:141,2,1,0
BRDA:141,3,0,0
BRDA:141,3,1,0
BRDA:193,4,0,0
BRDA:193,4,1,0
BRDA:216,5,0,0
BRDA:216,5,1,0
BRDA:237,6,0,0
BRDA:237,6,1,0
BRDA:248,7,0,0
BRDA:248,7,1,0
BRDA:248,8,0,0
BRDA:248,8,1,0
BRDA:297,9,0,0
BRDA:297,9,1,0
BRF:20
BRH:0
end_of_record
TN:
SF:src/pages/Dashboard/index.tsx
FN:35,(anonymous_0)
FN:41,(anonymous_1)
FN:42,(anonymous_2)
FN:47,(anonymous_3)
FN:51,(anonymous_4)
FN:77,(anonymous_5)
FN:92,(anonymous_6)
FN:94,(anonymous_7)
FNF:8
FNH:0
FNDA:0,(anonymous_0)
FNDA:0,(anonymous_1)
FNDA:0,(anonymous_2)
FNDA:0,(anonymous_3)
FNDA:0,(anonymous_4)
FNDA:0,(anonymous_5)
FNDA:0,(anonymous_6)
FNDA:0,(anonymous_7)
DA:35,0
DA:36,0
DA:38,0
DA:39,0
DA:41,0
DA:42,0
DA:43,0
DA:47,0
DA:48,0
DA:51,0
DA:52,0
DA:55,0
DA:77,0
DA:93,0
DA:94,0
LF:15
LH:0
BRDA:64,0,0,0
BRDA:64,0,1,0
BRDA:97,1,0,0
BRDA:97,1,1,0
BRF:4
BRH:0
end_of_record
TN:
SF:src/pages/Login/index.tsx
FN:40,(anonymous_0)
FN:47,(anonymous_1)
FN:110,(anonymous_2)
FN:121,(anonymous_3)
FN:126,(anonymous_4)
FN:131,(anonymous_5)
FN:139,(anonymous_6)
FNF:7
FNH:1
FNDA:1,(anonymous_0)
FNDA:0,(anonymous_1)
FNDA:0,(anonymous_2)
FNDA:0,(anonymous_3)
FNDA:0,(anonymous_4)
FNDA:0,(anonymous_5)
FNDA:0,(anonymous_6)
DA:40,1
DA:41,1
DA:42,1
DA:43,1
DA:45,1
DA:47,1
DA:48,0
DA:49,0
DA:51,0
DA:56,0
DA:58,0
DA:63,0
DA:64,0
DA:66,0
DA:68,0
DA:73,0
DA:76,0
DA:83,1
DA:111,0
DA:122,0
DA:127,0
DA:139,0
LF:22
LH:7
BRDA:63,0,0,0
BRDA:63,0,1,0
BRDA:87,1,0,1
BRDA:87,1,1,0
BRF:4
BRH:1
end_of_record
TN:
SF:src/pages/Profile/index.tsx
FN:43,(anonymous_0)
FN:53,(anonymous_1)
FN:62,(anonymous_2)
FN:69,(anonymous_3)
FN:125,(anonymous_4)
FN:128,(anonymous_5)
FN:146,(anonymous_6)
FN:153,(anonymous_7)
FN:202,(anonymous_8)
FN:215,(anonymous_9)
FN:229,(anonymous_10)
FN:242,(anonymous_11)
FN:255,(anonymous_12)
FN:260,(anonymous_13)
FNF:14
FNH:0
FNDA:0,(anonymous_0)
FNDA:0,(anonymous_1)
FNDA:0,(anonymous_2)
FNDA:0,(anonymous_3)
FNDA:0,(anonymous_4)
FNDA:0,(anonymous_5)
FNDA:0,(anonymous_6)
FNDA:0,(anonymous_7)
FNDA:0,(anonymous_8)
FNDA:0,(anonymous_9)
FNDA:0,(anonymous_10)
FNDA:0,(anonymous_11)
FNDA:0,(anonymous_12)
FNDA:0,(anonymous_13)
DA:43,0
DA:44,0
DA:46,0
DA:47,0
DA:48,0
DA:49,0
DA:50,0
DA:51,0
DA:53,0
DA:54,0
DA:55,0
DA:57,0
DA:62,0
DA:69,0
DA:77,0
DA:85,0
DA:87,0
DA:97,0
DA:99,0
DA:101,0
DA:103,0
DA:105,0
DA:106,0
DA:108,0
DA:110,0
DA:115,0
DA:118,0
DA:125,0
DA:126,0
DA:129,0
DA:130,0
DA:133,0
DA:134,0
DA:135,0
DA:138,0
DA:140,0
DA:146,0
DA:147,0
DA:153,0
DA:154,0
DA:157,0
DA:203,0
DA:216,0
DA:230,0
DA:243,0
DA:256,0
DA:261,0
LF:47
LH:0
BRDA:90,0,0,0
BRDA:90,0,1,0
BRDA:105,1,0,0
BRDA:105,1,1,0
BRDA:129,2,0,0
BRDA:129,2,1,0
BRDA:133,3,0,0
BRDA:133,3,1,0
BRDA:161,4,0,0
BRDA:161,4,1,0
BRDA:179,5,0,0
BRDA:179,5,1,0
BRF:12
BRH:0
end_of_record
TN:
SF:src/pages/SignUp/index.tsx
FN:33,(anonymous_0)
FN:39,(anonymous_1)
FN:105,(anonymous_2)
FN:118,(anonymous_3)
FN:130,(anonymous_4)
FN:135,(anonymous_5)
FN:144,(anonymous_6)
FNF:7
FNH:0
FNDA:0,(anonymous_0)
FNDA:0,(anonymous_1)
FNDA:0,(anonymous_2)
FNDA:0,(anonymous_3)
FNDA:0,(anonymous_4)
FNDA:0,(anonymous_5)
FNDA:0,(anonymous_6)
DA:33,0
DA:34,0
DA:35,0
DA:36,0
DA:37,0
DA:39,0
DA:40,0
DA:41,0
DA:43,0
DA:49,0
DA:51,0
DA:53,0
DA:58,0
DA:60,0
DA:61,0
DA:63,0
DA:65,0
DA:70,0
DA:73,0
DA:80,0
DA:106,0
DA:119,0
DA:131,0
DA:136,0
DA:144,0
LF:25
LH:0
BRDA:60,0,0,0
BRDA:60,0,1,0
BRDA:84,1,0,0
BRDA:84,1,1,0
BRF:4
BRH:0
end_of_record
